#
# A fatal error has been detected by the Java Runtime Environment:
#
#  EXCEPTION_ACCESS_VIOLATION (0xc0000005) at pc=0x00007fff55801193, pid=9884, tid=10284
#
# JRE version: OpenJDK Runtime Environment (11.0.10) (build 11.0.10+0-b96-7249189)
# Java VM: OpenJDK 64-Bit Server VM (11.0.10+0-b96-7249189, mixed mode, tiered, compressed oops, g1 gc, windows-amd64)
# Problematic frame:
# V  [jvm.dll+0x321193]
#
# No core dump will be written. Minidumps are not enabled by default on client versions of Windows
#
# If you would like to submit a bug report, please visit:
#   https://bugreport.java.com/bugreport/crash.jsp
#

---------------  S U M M A R Y ------------

Command Line: --add-opens=java.base/java.util=ALL-UNNAMED --add-opens=java.base/java.lang=ALL-UNNAMED --add-opens=java.base/java.lang.invoke=ALL-UNNAMED --add-opens=java.base/java.util=ALL-UNNAMED --add-opens=java.prefs/java.util.prefs=ALL-UNNAMED --add-opens=java.prefs/java.util.prefs=ALL-UNNAMED --add-opens=java.base/java.nio.charset=ALL-UNNAMED --add-opens=java.base/java.net=ALL-UNNAMED --add-opens=java.base/java.util.concurrent.atomic=ALL-UNNAMED -Xmx2048m -Dfile.encoding=UTF-8 -Duser.country=RU -Duser.language=ru -Duser.variant org.gradle.launcher.daemon.bootstrap.GradleDaemon 7.0.2

Host: Intel(R) Core(TM) i3-7100U CPU @ 2.40GHz, 4 cores, 7G,  Windows 10 , 64 bit Build 19041 (10.0.19041.1202)
Time: Mon Sep 20 17:03:26 2021 Финляндия (лето) elapsed time: 1803.479498 seconds (0d 0h 30m 3s)

---------------  T H R E A D  ---------------

Current thread (0x000002477c944800):  JavaThread "C2 CompilerThread0" daemon [_thread_in_native, id=10284, stack(0x0000007e47300000,0x0000007e47400000)]


Current CompileTask:
C2:1803479 22605       4       org.gradle.api.internal.artifacts.ivyservice.resolveengine.graph.builder.DependencyGraphBuilder::resolveEdges (43 bytes)

Stack: [0x0000007e47300000,0x0000007e47400000],  sp=0x0000007e473fba10,  free space=1006k
Native frames: (J=compiled Java code, j=interpreted, Vv=VM code, C=native code)
V  [jvm.dll+0x321193]
V  [jvm.dll+0x32311b]
V  [jvm.dll+0x3208d1]
V  [jvm.dll+0x31ffca]
V  [jvm.dll+0x1fb602]
V  [jvm.dll+0x1fa7f4]
V  [jvm.dll+0x18354c]
V  [jvm.dll+0x208ee7]
V  [jvm.dll+0x207731]
V  [jvm.dll+0x6eb1cf]
V  [jvm.dll+0x6e3d45]
V  [jvm.dll+0x5ebe96]
C  [ucrtbase.dll+0x21bb2]
C  [KERNEL32.DLL+0x17034]
C  [ntdll.dll+0x52651]


siginfo: EXCEPTION_ACCESS_VIOLATION (0xc0000005), reading address 0x000000471069efc0


Register to memory mapping:

RIP=0x00007fff55801193 jvm.dll
RAX=0x0000024715d85b20 points into unknown readable memory: 0x000002477e51deb0 | b0 de 51 7e 47 02 00 00
RBX=0x000002477e51df18 points into unknown readable memory: 0x00007fff55cc8568 | 68 85 cc 55 ff 7f 00 00
RCX=0x000002477e51deb0 points into unknown readable memory: 0x00007fff55cc3de0 | e0 3d cc 55 ff 7f 00 00
RDX=0x000002470f853e40 points into unknown readable memory: 0x00007fff55cfa128 | 28 a1 cf 55 ff 7f 00 00
RSP=0x0000007e473fba10 is pointing into the stack for thread: 0x000002477c944800
RBP=0x0 is NULL
RSI=0x000000471069efc0 is an unknown value
RDI=0x0000000000000005 is an unknown value
R8 =0x0 is NULL
R9 =0x0 is NULL
R10=0x0000024714059ce0 points into unknown readable memory: 0x00000247118cea40 | 40 ea 8c 11 47 02 00 00
R11=0x000002477ed35090 points into unknown readable memory: 0x0000024713abf9f0 | f0 f9 ab 13 47 02 00 00
R12=0x0000000000000003 is an unknown value
R13=0x000002471069f948 points into unknown readable memory: 0x00007fff55c578e0 | e0 78 c5 55 ff 7f 00 00
R14=0x0000007e473fc030 is pointing into the stack for thread: 0x000002477c944800
R15=0x0000000000000001 is an unknown value


Registers:
RAX=0x0000024715d85b20, RBX=0x000002477e51df18, RCX=0x000002477e51deb0, RDX=0x000002470f853e40
RSP=0x0000007e473fba10, RBP=0x0000000000000000, RSI=0x000000471069efc0, RDI=0x0000000000000005
R8 =0x0000000000000000, R9 =0x0000000000000000, R10=0x0000024714059ce0, R11=0x000002477ed35090
R12=0x0000000000000003, R13=0x000002471069f948, R14=0x0000007e473fc030, R15=0x0000000000000001
RIP=0x00007fff55801193, EFLAGS=0x0000000000010293

Top of Stack: (sp=0x0000007e473fba10)
0x0000007e473fba10:   0000000000000001 00007fff00000000
0x0000007e473fba20:   00000247118cea40 00007fff556b5d45
0x0000007e473fba30:   00000247119052a0 0000024711ac8810
0x0000007e473fba40:   0000000000000000 0000000000000000
0x0000007e473fba50:   0000000000000000 0000000000000000
0x0000007e473fba60:   0000000000000000 0000000000000000
0x0000007e473fba70:   0000007e473fc030 000002471069f948
0x0000007e473fba80:   00000247119052a0 0000007e473fc030
0x0000007e473fba90:   0000000000000001 0000024711ac8810
0x0000007e473fbaa0:   000002471069f901 0000000000000001
0x0000007e473fbab0:   000002471069f948 00007fff5580311b
0x0000007e473fbac0:   0000007e00000000 0000024700000000
0x0000007e473fbad0:   00000247119052a0 000002471069f948
0x0000007e473fbae0:   0000007e473fbbd0 0000007e473fbb80
0x0000007e473fbaf0:   0000007e473fc030 000002477c93bd60
0x0000007e473fbb00:   000002477c93bd60 0000024715b8cd50 

Instructions: (pc=0x00007fff55801193)
0x00007fff55801093:   3c 0b 48 38 0b 48 34 0b 48 30 0b 48 2c 0b 48 28
0x00007fff558010a3:   0b 48 24 0b 48 20 0b 48 1c 0b 48 18 0b 48 14 0b
0x00007fff558010b3:   48 10 0b 48 0c 0b 48 08 0b 48 04 0b 08 44 0f 45
0x00007fff558010c3:   ff 48 8b 4c 24 20 45 33 c9 44 8b 84 24 b0 00 00
0x00007fff558010d3:   00 45 8b e1 0f 29 74 24 50 44 0f 29 44 24 30 48
0x00007fff558010e3:   3b 9c 24 c0 00 00 00 0f 84 ad 01 00 00 f2 44 0f
0x00007fff558010f3:   10 05 3f 50 50 00 0f 1f 80 00 00 00 00 48 8b 5b
0x00007fff55801103:   58 48 85 db 0f 84 e0 01 00 00 4d 85 ed 74 09 48
0x00007fff55801113:   3b d9 0f 84 82 01 00 00 83 7b 18 00 76 09 48 8b
0x00007fff55801123:   43 20 48 8b 08 eb 03 49 8b c9 49 8b be 90 00 00
0x00007fff55801133:   00 48 63 71 28 3b 37 7c 39 3b 77 04 7c 0d 8b d6
0x00007fff55801143:   48 8b cf e8 85 9c e7 ff 45 33 c9 48 63 0f 48 3b
0x00007fff55801153:   ce 7f 1a 66 66 0f 1f 84 00 00 00 00 00 48 8b 47
0x00007fff55801163:   18 44 89 0c 88 48 ff c1 48 3b ce 7e f0 8d 46 01
0x00007fff55801173:   89 07 48 8b 47 18 8b 7b 28 ff cf 8b 2c b0 3b 7b
0x00007fff55801183:   18 73 0a 48 8b 43 20 48 8b 34 f8 eb 03 49 8b f1
0x00007fff55801193:   48 8b 06 48 8b ce ff 50 20 48 3b c6 74 03 2b 7b
0x00007fff558011a3:   48 3b 7b 18 73 0a 48 8b 43 20 48 8b 14 f8 eb 02
0x00007fff558011b3:   33 d2 49 8b be 90 00 00 00 48 63 72 28 3b 37 7c
0x00007fff558011c3:   31 3b 77 04 7c 0a 8b d6 48 8b cf e8 fd 9b e7 ff
0x00007fff558011d3:   48 63 0f 48 3b ce 7f 15 45 33 c0 66 90 48 8b 47
0x00007fff558011e3:   18 44 89 04 88 48 ff c1 48 3b ce 7e f0 8d 46 01
0x00007fff558011f3:   89 07 48 8b 47 18 41 ff c4 f2 0f 10 73 08 66 0f
0x00007fff55801203:   2f fe 8b 3c b0 77 4a 80 3d 27 f0 6c 00 00 74 14
0x00007fff55801213:   41 8b cc e8 15 2a ee ff 84 c0 75 35 38 05 13 f0
0x00007fff55801223:   6c 00 75 55 45 84 ff 75 50 0f 28 c7 f2 41 0f 59
0x00007fff55801233:   c0 66 0f 2f c6 76 42 39 bc 24 b8 00 00 00 72 39
0x00007fff55801243:   48 8b 8c 24 c8 00 00 00 e8 d0 b7 2a 00 84 c0 75
0x00007fff55801253:   28 39 ac 24 b8 00 00 00 b9 01 00 00 00 45 0f b6
0x00007fff55801263:   ff 0f 28 fe 44 0f 46 f9 48 89 5c 24 28 44 8b c7
0x00007fff55801273:   89 bc 24 b0 00 00 00 eb 08 44 8b 84 24 b0 00 00
0x00007fff55801283:   00 41 b9 00 00 00 00 48 8b 4c 24 20 48 3b 9c 24 


Stack slot to memory mapping:
stack at sp + 0 slots: 0x0000000000000001 is an unknown value
stack at sp + 1 slots: 0x00007fff00000000 is an unknown value
stack at sp + 2 slots: 0x00000247118cea40 points into unknown readable memory: 0x00007fff55c578e0 | e0 78 c5 55 ff 7f 00 00
stack at sp + 3 slots: 0x00007fff556b5d45 jvm.dll
stack at sp + 4 slots: 0x00000247119052a0 points into unknown readable memory: 0x00007fff55cc8568 | 68 85 cc 55 ff 7f 00 00
stack at sp + 5 slots: 0x0000024711ac8810 points into unknown readable memory: 0x00007fff55cc8568 | 68 85 cc 55 ff 7f 00 00
stack at sp + 6 slots: 0x0 is NULL
stack at sp + 7 slots: 0x0 is NULL


---------------  P R O C E S S  ---------------

Threads class SMR info:
_java_thread_list=0x00000247140727a0, length=55, elements={
0x000002477159a000, 0x000002477c91f800, 0x000002477c929800, 0x000002477c93a800,
0x000002477c93c800, 0x000002477c93e000, 0x000002477c944800, 0x000002477c946800,
0x000002477c94c800, 0x000002477d44e800, 0x000002470f99c800, 0x000002477d648000,
0x000002470f03d800, 0x000002470ff17000, 0x000002470ff16000, 0x000002470ff1b000,
0x000002470ff1c000, 0x0000024710307800, 0x0000024710306800, 0x000002471030b000,
0x0000024710305000, 0x000002471030b800, 0x000002471030e000, 0x0000024710312000,
0x000002471244d800, 0x000002471244f000, 0x000002471244e800, 0x000002471245b800,
0x0000024711d6d800, 0x0000024711d6a800, 0x0000024712454000, 0x0000024711d72800,
0x0000024711d74000, 0x000002470ff1a800, 0x0000024712455000, 0x0000024712459000,
0x0000024712452800, 0x000002471244c800, 0x0000024712450000, 0x0000024712456800,
0x0000024712453000, 0x0000024712450800, 0x000002471245a800, 0x0000024712459800,
0x0000024712457000, 0x0000024712458000, 0x0000024711d6c000, 0x0000024711d69800,
0x0000024711d6b000, 0x0000024711d6d000, 0x0000024711d68800, 0x0000024711d73800,
0x0000024711d6f000, 0x0000024711d70000, 0x0000024711d6e800
}

Java Threads: ( => current thread )
  0x000002477159a000 JavaThread "main" [_thread_blocked, id=6216, stack(0x0000007e46700000,0x0000007e46800000)]
  0x000002477c91f800 JavaThread "Reference Handler" daemon [_thread_blocked, id=8156, stack(0x0000007e46e00000,0x0000007e46f00000)]
  0x000002477c929800 JavaThread "Finalizer" daemon [_thread_blocked, id=2140, stack(0x0000007e46f00000,0x0000007e47000000)]
  0x000002477c93a800 JavaThread "Signal Dispatcher" daemon [_thread_blocked, id=6524, stack(0x0000007e47000000,0x0000007e47100000)]
  0x000002477c93c800 JavaThread "Attach Listener" daemon [_thread_blocked, id=1428, stack(0x0000007e47100000,0x0000007e47200000)]
  0x000002477c93e000 JavaThread "Service Thread" daemon [_thread_blocked, id=7208, stack(0x0000007e47200000,0x0000007e47300000)]
=>0x000002477c944800 JavaThread "C2 CompilerThread0" daemon [_thread_in_native, id=10284, stack(0x0000007e47300000,0x0000007e47400000)]
  0x000002477c946800 JavaThread "C1 CompilerThread0" daemon [_thread_blocked, id=9420, stack(0x0000007e47400000,0x0000007e47500000)]
  0x000002477c94c800 JavaThread "Sweeper thread" daemon [_thread_blocked, id=7012, stack(0x0000007e47500000,0x0000007e47600000)]
  0x000002477d44e800 JavaThread "Common-Cleaner" daemon [_thread_blocked, id=9612, stack(0x0000007e47600000,0x0000007e47700000)]
  0x000002470f99c800 JavaThread "Daemon health stats" [_thread_blocked, id=10084, stack(0x0000007e47b00000,0x0000007e47c00000)]
  0x000002477d648000 JavaThread "Incoming local TCP Connector on port 55440" [_thread_in_native, id=12736, stack(0x0000007e47800000,0x0000007e47900000)]
  0x000002470f03d800 JavaThread "Daemon periodic checks" [_thread_blocked, id=10012, stack(0x0000007e47c00000,0x0000007e47d00000)]
  0x000002470ff17000 JavaThread "Cache worker for file hash cache (C:\Users\user\.gradle\caches\7.0.2\fileHashes)" [_thread_blocked, id=3544, stack(0x0000007e48400000,0x0000007e48500000)]
  0x000002470ff16000 JavaThread "File lock request listener" [_thread_in_native, id=3760, stack(0x0000007e48500000,0x0000007e48600000)]
  0x000002470ff1b000 JavaThread "Cache worker for journal cache (C:\Users\user\.gradle\caches\journal-1)" [_thread_blocked, id=5400, stack(0x0000007e48700000,0x0000007e48800000)]
  0x000002470ff1c000 JavaThread "File watcher server" daemon [_thread_in_native, id=7356, stack(0x0000007e48a00000,0x0000007e48b00000)]
  0x0000024710307800 JavaThread "File watcher consumer" daemon [_thread_blocked, id=7340, stack(0x0000007e48b00000,0x0000007e48c00000)]
  0x0000024710306800 JavaThread "Cache worker for execution history cache (C:\Users\user\.gradle\caches\7.0.2\executionHistory)" [_thread_blocked, id=1392, stack(0x0000007e48f00000,0x0000007e49000000)]
  0x000002471030b000 JavaThread "jar transforms" [_thread_blocked, id=12404, stack(0x0000007e49000000,0x0000007e49100000)]
  0x0000024710305000 JavaThread "jar transforms Thread 2" [_thread_blocked, id=12368, stack(0x0000007e49100000,0x0000007e49200000)]
  0x000002471030b800 JavaThread "Cache worker for file content cache (C:\Users\user\.gradle\caches\7.0.2\fileContent)" [_thread_blocked, id=2980, stack(0x0000007e49200000,0x0000007e49300000)]
  0x000002471030e000 JavaThread "jar transforms Thread 3" [_thread_blocked, id=2128, stack(0x0000007e49400000,0x0000007e49500000)]
  0x0000024710312000 JavaThread "jar transforms Thread 4" [_thread_blocked, id=11276, stack(0x0000007e49a00000,0x0000007e49b00000)]
  0x000002471244d800 JavaThread "Memory manager" [_thread_blocked, id=4716, stack(0x0000007e49b00000,0x0000007e49c00000)]
  0x000002471244f000 JavaThread "pool-3-thread-1" [_thread_blocked, id=1380, stack(0x0000007e49d00000,0x0000007e49e00000)]
  0x000002471244e800 JavaThread "RMI Scheduler(0)" daemon [_thread_blocked, id=9172, stack(0x0000007e48800000,0x0000007e48900000)]
  0x000002471245b800 JavaThread "RMI GC Daemon" daemon [_thread_blocked, id=9264, stack(0x0000007e4ac00000,0x0000007e4ad00000)]
  0x0000024711d6d800 JavaThread "RMI TCP Accept-0" daemon [_thread_in_native, id=5820, stack(0x0000007e4ad00000,0x0000007e4ae00000)]
  0x0000024711d6a800 JavaThread "RMI Reaper" [_thread_blocked, id=7176, stack(0x0000007e4ae00000,0x0000007e4af00000)]
  0x0000024712454000 JavaThread "pool-8-thread-1" [_thread_blocked, id=6784, stack(0x0000007e49900000,0x0000007e49a00000)]
  0x0000024711d72800 JavaThread "pool-13-thread-1" [_thread_blocked, id=488, stack(0x0000007e49c00000,0x0000007e49d00000)]
  0x0000024711d74000 JavaThread "pool-17-thread-1" [_thread_blocked, id=5208, stack(0x0000007e49e00000,0x0000007e49f00000)]
  0x000002470ff1a800 JavaThread "ForkJoinPool.commonPool-worker-1" daemon [_thread_blocked, id=12716, stack(0x0000007e4b200000,0x0000007e4b300000)]
  0x0000024712455000 JavaThread "pool-21-thread-1" [_thread_blocked, id=11700, stack(0x0000007e4a000000,0x0000007e4a100000)]
  0x0000024712459000 JavaThread "pool-26-thread-1" [_thread_blocked, id=11588, stack(0x0000007e4a200000,0x0000007e4a300000)]
  0x0000024712452800 JavaThread "pool-30-thread-1" [_thread_blocked, id=5496, stack(0x0000007e49f00000,0x0000007e4a000000)]
  0x000002471244c800 JavaThread "Daemon Thread 7" [_thread_blocked, id=8284, stack(0x0000007e46400000,0x0000007e46500000)]
  0x0000024712450000 JavaThread "Handler for socket connection from /127.0.0.1:55440 to /127.0.0.1:55467" [_thread_in_native, id=10776, stack(0x0000007e46500000,0x0000007e46600000)]
  0x0000024712456800 JavaThread "Cancel handler" [_thread_blocked, id=11672, stack(0x0000007e46600000,0x0000007e46700000)]
  0x0000024712453000 JavaThread "Daemon worker Thread 7" [_thread_in_Java, id=5860, stack(0x0000007e47d00000,0x0000007e47e00000)]
  0x0000024712450800 JavaThread "Asynchronous log dispatcher for DefaultDaemonConnection: socket connection from /127.0.0.1:55440 to /127.0.0.1:55467" [_thread_blocked, id=13000, stack(0x0000007e47e00000,0x0000007e47f00000)]
  0x000002471245a800 JavaThread "Stdin handler" [_thread_blocked, id=2912, stack(0x0000007e47f00000,0x0000007e48000000)]
  0x0000024712459800 JavaThread "Daemon client event forwarder" [_thread_blocked, id=4328, stack(0x0000007e48000000,0x0000007e48100000)]
  0x0000024712457000 JavaThread "Cache worker for file hash cache (C:\Users\user\StudioProjects\MITM\CryptoDozen\.gradle\7.0.2\fileHashes)" [_thread_blocked, id=4304, stack(0x0000007e48100000,0x0000007e48200000)]
  0x0000024712458000 JavaThread "Cache worker for checksums cache (C:\Users\user\StudioProjects\MITM\CryptoDozen\.gradle\checksums)" [_thread_blocked, id=2156, stack(0x0000007e48200000,0x0000007e48300000)]
  0x0000024711d6c000 JavaThread "Cache worker for cache directory md-supplier (C:\Users\user\.gradle\caches\7.0.2\md-supplier)" [_thread_blocked, id=2940, stack(0x0000007e48300000,0x0000007e48400000)]
  0x0000024711d69800 JavaThread "Cache worker for cache directory md-rule (C:\Users\user\.gradle\caches\7.0.2\md-rule)" [_thread_blocked, id=5056, stack(0x0000007e48900000,0x0000007e48a00000)]
  0x0000024711d6b000 JavaThread "Cache worker for dependencies-accessors (C:\Users\user\StudioProjects\MITM\CryptoDozen\.gradle\7.0.2\dependencies-accessors)" [_thread_blocked, id=6976, stack(0x0000007e48c00000,0x0000007e48d00000)]
  0x0000024711d6d000 JavaThread "Cache worker for Build Output Cleanup Cache (C:\Users\user\StudioProjects\MITM\CryptoDozen\.gradle\buildOutputCleanup)" [_thread_blocked, id=6920, stack(0x0000007e48d00000,0x0000007e48e00000)]
  0x0000024711d68800 JavaThread "C2 CompilerThread1" daemon [_thread_in_native, id=12840, stack(0x0000007e48e00000,0x0000007e48f00000)]
  0x0000024711d73800 JavaThread "Build operations" [_thread_blocked, id=7388, stack(0x0000007e49300000,0x0000007e49400000)]
  0x0000024711d6f000 JavaThread "Build operations Thread 2" [_thread_blocked, id=11620, stack(0x0000007e49500000,0x0000007e49600000)]
  0x0000024711d70000 JavaThread "Build operations Thread 3" [_thread_blocked, id=7180, stack(0x0000007e49600000,0x0000007e49700000)]
  0x0000024711d6e800 JavaThread "Build operations Thread 4" [_thread_blocked, id=6916, stack(0x0000007e49700000,0x0000007e49800000)]

Other Threads:
  0x000002477c917000 VMThread "VM Thread" [stack: 0x0000007e46d00000,0x0000007e46e00000] [id=9620]
  0x000002477d4d7800 WatcherThread [stack: 0x0000007e47700000,0x0000007e47800000] [id=11500]
  0x00000247715b5800 GCTaskThread "GC Thread#0" [stack: 0x0000007e46800000,0x0000007e46900000] [id=12928]
  0x000002477d7cc000 GCTaskThread "GC Thread#1" [stack: 0x0000007e47900000,0x0000007e47a00000] [id=12244]
  0x000002477db3d000 GCTaskThread "GC Thread#2" [stack: 0x0000007e47a00000,0x0000007e47b00000] [id=13116]
  0x000002477edd1000 GCTaskThread "GC Thread#3" [stack: 0x0000007e48600000,0x0000007e48700000] [id=6316]
  0x00000247715e5800 ConcurrentGCThread "G1 Main Marker" [stack: 0x0000007e46900000,0x0000007e46a00000] [id=6924]
  0x00000247715e7000 ConcurrentGCThread "G1 Conc#0" [stack: 0x0000007e46a00000,0x0000007e46b00000] [id=9576]
  0x0000024771672000 ConcurrentGCThread "G1 Refine#0" [stack: 0x0000007e46b00000,0x0000007e46c00000] [id=11996]
  0x0000024771675800 ConcurrentGCThread "G1 Young RemSet Sampling" [stack: 0x0000007e46c00000,0x0000007e46d00000] [id=10960]

Threads with active compile tasks:
C2 CompilerThread01803631 22605       4       org.gradle.api.internal.artifacts.ivyservice.resolveengine.graph.builder.DependencyGraphBuilder::resolveEdges (43 bytes)
C2 CompilerThread11803631 22603  s    4       org.gradle.internal.component.external.model.AbstractLazyModuleComponentResolveMetadata::getVariantsForGraphTraversal (20 bytes)

VM state:not at safepoint (normal execution)

VM Mutex/Monitor currently owned by a thread: None

Heap address: 0x0000000080000000, size: 2048 MB, Compressed Oops mode: 32-bit
Narrow klass base: 0x0000000000000000, Narrow klass shift: 3
Compressed class space size: 1073741824 Address: 0x0000000100000000

Heap:
 garbage-first heap   total 225280K, used 117364K [0x0000000080000000, 0x0000000100000000)
  region size 1024K, 6 young (6144K), 5 survivors (5120K)
 Metaspace       used 126952K, capacity 130669K, committed 130892K, reserved 1163264K
  class space    used 15796K, capacity 17141K, committed 17228K, reserved 1048576K
Heap Regions: E=young(eden), S=young(survivor), O=old, HS=humongous(starts), HC=humongous(continues), CS=collection set, F=free, A=archive, TAMS=top-at-mark-start (previous, next)
|   0|0x0000000080000000, 0x0000000080100000, 0x0000000080100000|100%| O|  |TAMS 0x0000000080100000, 0x0000000080100000| Untracked 
|   1|0x0000000080100000, 0x0000000080200000, 0x0000000080200000|100%| O|  |TAMS 0x0000000080200000, 0x0000000080200000| Untracked 
|   2|0x0000000080200000, 0x0000000080300000, 0x0000000080300000|100%| O|  |TAMS 0x0000000080300000, 0x0000000080300000| Untracked 
|   3|0x0000000080300000, 0x0000000080400000, 0x0000000080400000|100%|HS|  |TAMS 0x0000000080400000, 0x0000000080400000| Complete 
|   4|0x0000000080400000, 0x0000000080500000, 0x0000000080500000|100%|HC|  |TAMS 0x0000000080500000, 0x0000000080500000| Complete 
|   5|0x0000000080500000, 0x0000000080600000, 0x0000000080600000|100%|HC|  |TAMS 0x0000000080600000, 0x0000000080600000| Complete 
|   6|0x0000000080600000, 0x0000000080700000, 0x0000000080700000|100%| O|  |TAMS 0x0000000080700000, 0x0000000080700000| Untracked 
|   7|0x0000000080700000, 0x0000000080800000, 0x0000000080800000|100%| O|  |TAMS 0x0000000080800000, 0x0000000080800000| Untracked 
|   8|0x0000000080800000, 0x0000000080900000, 0x0000000080900000|100%| O|  |TAMS 0x0000000080900000, 0x0000000080900000| Untracked 
|   9|0x0000000080900000, 0x0000000080a00000, 0x0000000080a00000|100%| O|  |TAMS 0x0000000080a00000, 0x0000000080a00000| Untracked 
|  10|0x0000000080a00000, 0x0000000080b00000, 0x0000000080b00000|100%| O|  |TAMS 0x0000000080b00000, 0x0000000080b00000| Untracked 
|  11|0x0000000080b00000, 0x0000000080c00000, 0x0000000080c00000|100%| O|  |TAMS 0x0000000080c00000, 0x0000000080c00000| Untracked 
|  12|0x0000000080c00000, 0x0000000080d00000, 0x0000000080d00000|100%| O|  |TAMS 0x0000000080d00000, 0x0000000080d00000| Untracked 
|  13|0x0000000080d00000, 0x0000000080e00000, 0x0000000080e00000|100%| O|  |TAMS 0x0000000080e00000, 0x0000000080e00000| Untracked 
|  14|0x0000000080e00000, 0x0000000080f00000, 0x0000000080f00000|100%| O|  |TAMS 0x0000000080f00000, 0x0000000080f00000| Untracked 
|  15|0x0000000080f00000, 0x0000000081000000, 0x0000000081000000|100%| O|  |TAMS 0x0000000081000000, 0x0000000081000000| Untracked 
|  16|0x0000000081000000, 0x0000000081100000, 0x0000000081100000|100%| O|  |TAMS 0x0000000081100000, 0x0000000081100000| Untracked 
|  17|0x0000000081100000, 0x0000000081200000, 0x0000000081200000|100%|HS|  |TAMS 0x0000000081200000, 0x0000000081200000| Complete 
|  18|0x0000000081200000, 0x0000000081300000, 0x0000000081300000|100%| O|  |TAMS 0x0000000081300000, 0x0000000081300000| Untracked 
|  19|0x0000000081300000, 0x0000000081400000, 0x0000000081400000|100%| O|  |TAMS 0x0000000081400000, 0x0000000081400000| Untracked 
|  20|0x0000000081400000, 0x0000000081500000, 0x0000000081500000|100%| O|  |TAMS 0x0000000081500000, 0x0000000081500000| Untracked 
|  21|0x0000000081500000, 0x0000000081600000, 0x0000000081600000|100%| O|  |TAMS 0x0000000081600000, 0x0000000081600000| Untracked 
|  22|0x0000000081600000, 0x0000000081700000, 0x0000000081700000|100%| O|  |TAMS 0x0000000081700000, 0x0000000081700000| Untracked 
|  23|0x0000000081700000, 0x0000000081800000, 0x0000000081800000|100%|HS|  |TAMS 0x0000000081800000, 0x0000000081800000| Complete 
|  24|0x0000000081800000, 0x0000000081900000, 0x0000000081900000|100%|HS|  |TAMS 0x0000000081900000, 0x0000000081900000| Complete 
|  25|0x0000000081900000, 0x0000000081a00000, 0x0000000081a00000|100%|HS|  |TAMS 0x0000000081a00000, 0x0000000081a00000| Complete 
|  26|0x0000000081a00000, 0x0000000081b00000, 0x0000000081b00000|100%|HC|  |TAMS 0x0000000081b00000, 0x0000000081b00000| Complete 
|  27|0x0000000081b00000, 0x0000000081c00000, 0x0000000081c00000|100%|HC|  |TAMS 0x0000000081c00000, 0x0000000081c00000| Complete 
|  28|0x0000000081c00000, 0x0000000081d00000, 0x0000000081d00000|100%|HS|  |TAMS 0x0000000081d00000, 0x0000000081d00000| Complete 
|  29|0x0000000081d00000, 0x0000000081e00000, 0x0000000081e00000|100%|HC|  |TAMS 0x0000000081e00000, 0x0000000081e00000| Complete 
|  30|0x0000000081e00000, 0x0000000081f00000, 0x0000000081f00000|100%| O|  |TAMS 0x0000000081f00000, 0x0000000081f00000| Untracked 
|  31|0x0000000081f00000, 0x0000000082000000, 0x0000000082000000|100%| O|  |TAMS 0x0000000082000000, 0x0000000082000000| Untracked 
|  32|0x0000000082000000, 0x0000000082100000, 0x0000000082100000|100%| O|  |TAMS 0x0000000082100000, 0x0000000082100000| Untracked 
|  33|0x0000000082100000, 0x0000000082200000, 0x0000000082200000|100%| O|  |TAMS 0x0000000082200000, 0x0000000082200000| Untracked 
|  34|0x0000000082200000, 0x0000000082300000, 0x0000000082300000|100%| O|  |TAMS 0x0000000082300000, 0x0000000082300000| Untracked 
|  35|0x0000000082300000, 0x0000000082400000, 0x0000000082400000|100%| O|  |TAMS 0x0000000082400000, 0x0000000082400000| Untracked 
|  36|0x0000000082400000, 0x0000000082500000, 0x0000000082500000|100%| O|  |TAMS 0x0000000082500000, 0x0000000082500000| Untracked 
|  37|0x0000000082500000, 0x0000000082600000, 0x0000000082600000|100%| O|  |TAMS 0x0000000082600000, 0x0000000082600000| Untracked 
|  38|0x0000000082600000, 0x0000000082700000, 0x0000000082700000|100%| O|  |TAMS 0x0000000082700000, 0x0000000082700000| Untracked 
|  39|0x0000000082700000, 0x0000000082800000, 0x0000000082800000|100%| O|  |TAMS 0x0000000082800000, 0x0000000082800000| Untracked 
|  40|0x0000000082800000, 0x0000000082900000, 0x0000000082900000|100%| O|  |TAMS 0x0000000082900000, 0x0000000082900000| Untracked 
|  41|0x0000000082900000, 0x0000000082a00000, 0x0000000082a00000|100%| O|  |TAMS 0x0000000082a00000, 0x0000000082a00000| Untracked 
|  42|0x0000000082a00000, 0x0000000082b00000, 0x0000000082b00000|100%| O|  |TAMS 0x0000000082b00000, 0x0000000082b00000| Untracked 
|  43|0x0000000082b00000, 0x0000000082c00000, 0x0000000082c00000|100%| O|  |TAMS 0x0000000082c00000, 0x0000000082c00000| Untracked 
|  44|0x0000000082c00000, 0x0000000082d00000, 0x0000000082d00000|100%| O|  |TAMS 0x0000000082d00000, 0x0000000082d00000| Untracked 
|  45|0x0000000082d00000, 0x0000000082e00000, 0x0000000082e00000|100%| O|  |TAMS 0x0000000082e00000, 0x0000000082e00000| Untracked 
|  46|0x0000000082e00000, 0x0000000082e00000, 0x0000000082f00000|  0%| F|  |TAMS 0x0000000082e00000, 0x0000000082e00000| Untracked 
|  47|0x0000000082f00000, 0x0000000083000000, 0x0000000083000000|100%| O|  |TAMS 0x0000000083000000, 0x0000000083000000| Untracked 
|  48|0x0000000083000000, 0x0000000083100000, 0x0000000083100000|100%| O|  |TAMS 0x0000000083100000, 0x0000000083100000| Untracked 
|  49|0x0000000083100000, 0x0000000083200000, 0x0000000083200000|100%| O|  |TAMS 0x0000000083200000, 0x0000000083200000| Untracked 
|  50|0x0000000083200000, 0x0000000083300000, 0x0000000083300000|100%| O|  |TAMS 0x0000000083300000, 0x0000000083300000| Untracked 
|  51|0x0000000083300000, 0x0000000083400000, 0x0000000083400000|100%| O|  |TAMS 0x0000000083400000, 0x0000000083400000| Untracked 
|  52|0x0000000083400000, 0x0000000083500000, 0x0000000083500000|100%| O|  |TAMS 0x0000000083500000, 0x0000000083500000| Untracked 
|  53|0x0000000083500000, 0x0000000083600000, 0x0000000083600000|100%| O|  |TAMS 0x0000000083600000, 0x0000000083600000| Untracked 
|  54|0x0000000083600000, 0x0000000083700000, 0x0000000083700000|100%| O|  |TAMS 0x0000000083700000, 0x0000000083700000| Untracked 
|  55|0x0000000083700000, 0x0000000083800000, 0x0000000083800000|100%| O|  |TAMS 0x0000000083800000, 0x0000000083800000| Untracked 
|  56|0x0000000083800000, 0x0000000083900000, 0x0000000083900000|100%| O|  |TAMS 0x0000000083900000, 0x0000000083900000| Untracked 
|  57|0x0000000083900000, 0x0000000083a00000, 0x0000000083a00000|100%| O|  |TAMS 0x0000000083a00000, 0x0000000083a00000| Untracked 
|  58|0x0000000083a00000, 0x0000000083b00000, 0x0000000083b00000|100%| O|  |TAMS 0x0000000083b00000, 0x0000000083b00000| Untracked 
|  59|0x0000000083b00000, 0x0000000083c00000, 0x0000000083c00000|100%| O|  |TAMS 0x0000000083c00000, 0x0000000083c00000| Untracked 
|  60|0x0000000083c00000, 0x0000000083c00000, 0x0000000083d00000|  0%| F|  |TAMS 0x0000000083c00000, 0x0000000083c00000| Untracked 
|  61|0x0000000083d00000, 0x0000000083e00000, 0x0000000083e00000|100%| O|  |TAMS 0x0000000083e00000, 0x0000000083e00000| Untracked 
|  62|0x0000000083e00000, 0x0000000083f00000, 0x0000000083f00000|100%| O|  |TAMS 0x0000000083f00000, 0x0000000083f00000| Untracked 
|  63|0x0000000083f00000, 0x0000000084000000, 0x0000000084000000|100%| O|  |TAMS 0x0000000084000000, 0x0000000084000000| Untracked 
|  64|0x0000000084000000, 0x0000000084100000, 0x0000000084100000|100%| O|  |TAMS 0x0000000084100000, 0x0000000084100000| Untracked 
|  65|0x0000000084100000, 0x0000000084200000, 0x0000000084200000|100%| O|  |TAMS 0x0000000084200000, 0x0000000084200000| Untracked 
|  66|0x0000000084200000, 0x0000000084200000, 0x0000000084300000|  0%| F|  |TAMS 0x0000000084200000, 0x0000000084200000| Untracked 
|  67|0x0000000084300000, 0x0000000084400000, 0x0000000084400000|100%| O|  |TAMS 0x0000000084400000, 0x0000000084400000| Untracked 
|  68|0x0000000084400000, 0x0000000084500000, 0x0000000084500000|100%| O|  |TAMS 0x0000000084500000, 0x0000000084500000| Untracked 
|  69|0x0000000084500000, 0x0000000084600000, 0x0000000084600000|100%| O|  |TAMS 0x0000000084600000, 0x0000000084600000| Untracked 
|  70|0x0000000084600000, 0x0000000084600000, 0x0000000084700000|  0%| F|  |TAMS 0x0000000084600000, 0x0000000084600000| Untracked 
|  71|0x0000000084700000, 0x0000000084800000, 0x0000000084800000|100%| O|  |TAMS 0x0000000084800000, 0x0000000084800000| Untracked 
|  72|0x0000000084800000, 0x0000000084900000, 0x0000000084900000|100%| O|  |TAMS 0x0000000084900000, 0x0000000084900000| Untracked 
|  73|0x0000000084900000, 0x0000000084900000, 0x0000000084a00000|  0%| F|  |TAMS 0x0000000084900000, 0x0000000084900000| Untracked 
|  74|0x0000000084a00000, 0x0000000084b00000, 0x0000000084b00000|100%| O|  |TAMS 0x0000000084b00000, 0x0000000084b00000| Untracked 
|  75|0x0000000084b00000, 0x0000000084c00000, 0x0000000084c00000|100%| O|  |TAMS 0x0000000084c00000, 0x0000000084c00000| Untracked 
|  76|0x0000000084c00000, 0x0000000084d00000, 0x0000000084d00000|100%| O|  |TAMS 0x0000000084d00000, 0x0000000084d00000| Untracked 
|  77|0x0000000084d00000, 0x0000000084e00000, 0x0000000084e00000|100%| O|  |TAMS 0x0000000084e00000, 0x0000000084e00000| Untracked 
|  78|0x0000000084e00000, 0x0000000084e00000, 0x0000000084f00000|  0%| F|  |TAMS 0x0000000084e00000, 0x0000000084e00000| Untracked 
|  79|0x0000000084f00000, 0x0000000085000000, 0x0000000085000000|100%| O|  |TAMS 0x0000000084f00000, 0x0000000085000000| Untracked 
|  80|0x0000000085000000, 0x0000000085000000, 0x0000000085100000|  0%| F|  |TAMS 0x0000000085000000, 0x0000000085000000| Untracked 
|  81|0x0000000085100000, 0x0000000085100000, 0x0000000085200000|  0%| F|  |TAMS 0x0000000085100000, 0x0000000085100000| Untracked 
|  82|0x0000000085200000, 0x0000000085300000, 0x0000000085300000|100%| O|  |TAMS 0x0000000085300000, 0x0000000085300000| Untracked 
|  83|0x0000000085300000, 0x0000000085300000, 0x0000000085400000|  0%| F|  |TAMS 0x0000000085300000, 0x0000000085300000| Untracked 
|  84|0x0000000085400000, 0x0000000085400000, 0x0000000085500000|  0%| F|  |TAMS 0x0000000085400000, 0x0000000085400000| Untracked 
|  85|0x0000000085500000, 0x0000000085500000, 0x0000000085600000|  0%| F|  |TAMS 0x0000000085500000, 0x0000000085500000| Untracked 
|  86|0x0000000085600000, 0x0000000085700000, 0x0000000085700000|100%| O|  |TAMS 0x0000000085700000, 0x0000000085700000| Untracked 
|  87|0x0000000085700000, 0x0000000085800000, 0x0000000085800000|100%| O|  |TAMS 0x0000000085800000, 0x0000000085800000| Untracked 
|  88|0x0000000085800000, 0x0000000085800000, 0x0000000085900000|  0%| F|  |TAMS 0x0000000085800000, 0x0000000085800000| Untracked 
|  89|0x0000000085900000, 0x0000000085900000, 0x0000000085a00000|  0%| F|  |TAMS 0x0000000085900000, 0x0000000085900000| Untracked 
|  90|0x0000000085a00000, 0x0000000085b00000, 0x0000000085b00000|100%| O|  |TAMS 0x0000000085b00000, 0x0000000085b00000| Untracked 
|  91|0x0000000085b00000, 0x0000000085c00000, 0x0000000085c00000|100%| O|  |TAMS 0x0000000085c00000, 0x0000000085c00000| Untracked 
|  92|0x0000000085c00000, 0x0000000085d00000, 0x0000000085d00000|100%| O|  |TAMS 0x0000000085d00000, 0x0000000085d00000| Untracked 
|  93|0x0000000085d00000, 0x0000000085e00000, 0x0000000085e00000|100%| O|  |TAMS 0x0000000085e00000, 0x0000000085e00000| Untracked 
|  94|0x0000000085e00000, 0x0000000085f00000, 0x0000000085f00000|100%| O|  |TAMS 0x0000000085f00000, 0x0000000085f00000| Untracked 
|  95|0x0000000085f00000, 0x0000000086000000, 0x0000000086000000|100%| O|  |TAMS 0x0000000086000000, 0x0000000086000000| Untracked 
|  96|0x0000000086000000, 0x0000000086100000, 0x0000000086100000|100%| O|  |TAMS 0x0000000086100000, 0x0000000086100000| Untracked 
|  97|0x0000000086100000, 0x0000000086200000, 0x0000000086200000|100%| O|  |TAMS 0x0000000086200000, 0x0000000086200000| Untracked 
|  98|0x0000000086200000, 0x0000000086300000, 0x0000000086300000|100%| O|  |TAMS 0x0000000086300000, 0x0000000086300000| Untracked 
|  99|0x0000000086300000, 0x0000000086400000, 0x0000000086400000|100%| O|  |TAMS 0x0000000086400000, 0x0000000086400000| Untracked 
| 100|0x0000000086400000, 0x0000000086500000, 0x0000000086500000|100%| O|  |TAMS 0x0000000086500000, 0x0000000086500000| Untracked 
| 101|0x0000000086500000, 0x0000000086600000, 0x0000000086600000|100%| O|  |TAMS 0x000000008651ac00, 0x0000000086600000| Untracked 
| 102|0x0000000086600000, 0x0000000086700000, 0x0000000086700000|100%| O|  |TAMS 0x0000000086600000, 0x0000000086700000| Untracked 
| 103|0x0000000086700000, 0x0000000086800000, 0x0000000086800000|100%| O|  |TAMS 0x0000000086700000, 0x0000000086800000| Untracked 
| 104|0x0000000086800000, 0x0000000086900000, 0x0000000086900000|100%| O|  |TAMS 0x0000000086800000, 0x0000000086900000| Untracked 
| 105|0x0000000086900000, 0x0000000086a00000, 0x0000000086a00000|100%| O|  |TAMS 0x0000000086a00000, 0x0000000086a00000| Untracked 
| 106|0x0000000086a00000, 0x0000000086b00000, 0x0000000086b00000|100%| O|  |TAMS 0x0000000086a00000, 0x0000000086b00000| Untracked 
| 107|0x0000000086b00000, 0x0000000086c00000, 0x0000000086c00000|100%| O|  |TAMS 0x0000000086c00000, 0x0000000086c00000| Untracked 
| 108|0x0000000086c00000, 0x0000000086d00000, 0x0000000086d00000|100%| O|  |TAMS 0x0000000086c00000, 0x0000000086d00000| Untracked 
| 109|0x0000000086d00000, 0x0000000086d00000, 0x0000000086e00000|  0%| F|  |TAMS 0x0000000086d00000, 0x0000000086d00000| Untracked 
| 110|0x0000000086e00000, 0x0000000086f00000, 0x0000000086f00000|100%| O|  |TAMS 0x0000000086e00000, 0x0000000086f00000| Untracked 
| 111|0x0000000086f00000, 0x0000000086f00000, 0x0000000087000000|  0%| F|  |TAMS 0x0000000086f00000, 0x0000000086f00000| Untracked 
| 112|0x0000000087000000, 0x0000000087100000, 0x0000000087100000|100%| O|  |TAMS 0x0000000087100000, 0x0000000087100000| Untracked 
| 113|0x0000000087100000, 0x0000000087100000, 0x0000000087200000|  0%| F|  |TAMS 0x0000000087100000, 0x0000000087100000| Untracked 
| 114|0x0000000087200000, 0x0000000087300000, 0x0000000087300000|100%| O|  |TAMS 0x0000000087300000, 0x0000000087300000| Untracked 
| 115|0x0000000087300000, 0x0000000087300000, 0x0000000087400000|  0%| F|  |TAMS 0x0000000087300000, 0x0000000087300000| Untracked 
| 116|0x0000000087400000, 0x0000000087500000, 0x0000000087500000|100%| O|  |TAMS 0x0000000087500000, 0x0000000087500000| Untracked 
| 117|0x0000000087500000, 0x0000000087500000, 0x0000000087600000|  0%| F|  |TAMS 0x0000000087500000, 0x0000000087500000| Untracked 
| 118|0x0000000087600000, 0x0000000087700000, 0x0000000087700000|100%| O|  |TAMS 0x0000000087700000, 0x0000000087700000| Untracked 
| 119|0x0000000087700000, 0x0000000087800000, 0x0000000087800000|100%| O|  |TAMS 0x0000000087700000, 0x0000000087800000| Untracked 
| 120|0x0000000087800000, 0x0000000087900000, 0x0000000087900000|100%| O|  |TAMS 0x0000000087800000, 0x0000000087900000| Untracked 
| 121|0x0000000087900000, 0x0000000087a00000, 0x0000000087a00000|100%| O|  |TAMS 0x0000000087900000, 0x0000000087a00000| Untracked 
| 122|0x0000000087a00000, 0x0000000087b00000, 0x0000000087b00000|100%| O|  |TAMS 0x0000000087a00000, 0x0000000087b00000| Untracked 
| 123|0x0000000087b00000, 0x0000000087c00000, 0x0000000087c00000|100%| O|  |TAMS 0x0000000087b00000, 0x0000000087c00000| Untracked 
| 124|0x0000000087c00000, 0x0000000087d00000, 0x0000000087d00000|100%| O|  |TAMS 0x0000000087d00000, 0x0000000087d00000| Untracked 
| 125|0x0000000087d00000, 0x0000000087e00000, 0x0000000087e00000|100%| O|  |TAMS 0x0000000087e00000, 0x0000000087e00000| Untracked 
| 126|0x0000000087e00000, 0x0000000087f00000, 0x0000000087f00000|100%| O|  |TAMS 0x0000000087e00000, 0x0000000087f00000| Untracked 
| 127|0x0000000087f00000, 0x0000000087faac00, 0x0000000088000000| 66%| O|  |TAMS 0x0000000087f00000, 0x0000000087faac00| Untracked 
| 128|0x0000000088000000, 0x0000000088000000, 0x0000000088100000|  0%| F|  |TAMS 0x0000000088000000, 0x0000000088000000| Untracked 
| 129|0x0000000088100000, 0x0000000088100000, 0x0000000088200000|  0%| F|  |TAMS 0x0000000088100000, 0x0000000088100000| Untracked 
| 130|0x0000000088200000, 0x0000000088200000, 0x0000000088300000|  0%| F|  |TAMS 0x0000000088200000, 0x0000000088200000| Untracked 
| 131|0x0000000088300000, 0x0000000088300000, 0x0000000088400000|  0%| F|  |TAMS 0x0000000088300000, 0x0000000088300000| Untracked 
| 132|0x0000000088400000, 0x0000000088400000, 0x0000000088500000|  0%| F|  |TAMS 0x0000000088400000, 0x0000000088400000| Untracked 
| 133|0x0000000088500000, 0x0000000088500000, 0x0000000088600000|  0%| F|  |TAMS 0x0000000088500000, 0x0000000088500000| Untracked 
| 134|0x0000000088600000, 0x0000000088600000, 0x0000000088700000|  0%| F|  |TAMS 0x0000000088600000, 0x0000000088600000| Untracked 
| 135|0x0000000088700000, 0x0000000088700000, 0x0000000088800000|  0%| F|  |TAMS 0x0000000088700000, 0x0000000088700000| Untracked 
| 136|0x0000000088800000, 0x0000000088800000, 0x0000000088900000|  0%| F|  |TAMS 0x0000000088800000, 0x0000000088800000| Untracked 
| 137|0x0000000088900000, 0x0000000088900000, 0x0000000088a00000|  0%| F|  |TAMS 0x0000000088900000, 0x0000000088900000| Untracked 
| 138|0x0000000088a00000, 0x0000000088a00000, 0x0000000088b00000|  0%| F|  |TAMS 0x0000000088a00000, 0x0000000088a00000| Untracked 
| 139|0x0000000088b00000, 0x0000000088b00000, 0x0000000088c00000|  0%| F|  |TAMS 0x0000000088b00000, 0x0000000088b00000| Untracked 
| 140|0x0000000088c00000, 0x0000000088c00000, 0x0000000088d00000|  0%| F|  |TAMS 0x0000000088c00000, 0x0000000088c00000| Untracked 
| 141|0x0000000088d00000, 0x0000000088d00000, 0x0000000088e00000|  0%| F|  |TAMS 0x0000000088d00000, 0x0000000088d00000| Untracked 
| 142|0x0000000088e00000, 0x0000000088e00000, 0x0000000088f00000|  0%| F|  |TAMS 0x0000000088e00000, 0x0000000088e00000| Untracked 
| 143|0x0000000088f00000, 0x0000000088f00000, 0x0000000089000000|  0%| F|  |TAMS 0x0000000088f00000, 0x0000000088f00000| Untracked 
| 144|0x0000000089000000, 0x00000000890f24c0, 0x0000000089100000| 94%| S|CS|TAMS 0x0000000089000000, 0x0000000089000000| Complete 
| 145|0x0000000089100000, 0x0000000089200000, 0x0000000089200000|100%| S|CS|TAMS 0x0000000089100000, 0x0000000089100000| Complete 
| 146|0x0000000089200000, 0x0000000089300000, 0x0000000089300000|100%| S|CS|TAMS 0x0000000089200000, 0x0000000089200000| Complete 
| 147|0x0000000089300000, 0x0000000089400000, 0x0000000089400000|100%| S|CS|TAMS 0x0000000089300000, 0x0000000089300000| Complete 
| 148|0x0000000089400000, 0x0000000089500000, 0x0000000089500000|100%| S|CS|TAMS 0x0000000089400000, 0x0000000089400000| Complete 
| 149|0x0000000089500000, 0x0000000089500000, 0x0000000089600000|  0%| F|  |TAMS 0x0000000089500000, 0x0000000089500000| Untracked 
| 150|0x0000000089600000, 0x0000000089600000, 0x0000000089700000|  0%| F|  |TAMS 0x0000000089600000, 0x0000000089600000| Untracked 
| 151|0x0000000089700000, 0x0000000089700000, 0x0000000089800000|  0%| F|  |TAMS 0x0000000089700000, 0x0000000089700000| Untracked 
| 152|0x0000000089800000, 0x0000000089800000, 0x0000000089900000|  0%| F|  |TAMS 0x0000000089800000, 0x0000000089800000| Untracked 
| 153|0x0000000089900000, 0x0000000089900000, 0x0000000089a00000|  0%| F|  |TAMS 0x0000000089900000, 0x0000000089900000| Untracked 
| 154|0x0000000089a00000, 0x0000000089a00000, 0x0000000089b00000|  0%| F|  |TAMS 0x0000000089a00000, 0x0000000089a00000| Untracked 
| 155|0x0000000089b00000, 0x0000000089b00000, 0x0000000089c00000|  0%| F|  |TAMS 0x0000000089b00000, 0x0000000089b00000| Untracked 
| 156|0x0000000089c00000, 0x0000000089c00000, 0x0000000089d00000|  0%| F|  |TAMS 0x0000000089c00000, 0x0000000089c00000| Untracked 
| 157|0x0000000089d00000, 0x0000000089d00000, 0x0000000089e00000|  0%| F|  |TAMS 0x0000000089d00000, 0x0000000089d00000| Untracked 
| 158|0x0000000089e00000, 0x0000000089e00000, 0x0000000089f00000|  0%| F|  |TAMS 0x0000000089e00000, 0x0000000089e00000| Untracked 
| 159|0x0000000089f00000, 0x0000000089f00000, 0x000000008a000000|  0%| F|  |TAMS 0x0000000089f00000, 0x0000000089f00000| Untracked 
| 160|0x000000008a000000, 0x000000008a000000, 0x000000008a100000|  0%| F|  |TAMS 0x000000008a000000, 0x000000008a000000| Untracked 
| 161|0x000000008a100000, 0x000000008a100000, 0x000000008a200000|  0%| F|  |TAMS 0x000000008a100000, 0x000000008a100000| Untracked 
| 162|0x000000008a200000, 0x000000008a200000, 0x000000008a300000|  0%| F|  |TAMS 0x000000008a200000, 0x000000008a200000| Untracked 
| 163|0x000000008a300000, 0x000000008a300000, 0x000000008a400000|  0%| F|  |TAMS 0x000000008a300000, 0x000000008a300000| Untracked 
| 164|0x000000008a400000, 0x000000008a400000, 0x000000008a500000|  0%| F|  |TAMS 0x000000008a400000, 0x000000008a400000| Untracked 
| 165|0x000000008a500000, 0x000000008a500000, 0x000000008a600000|  0%| F|  |TAMS 0x000000008a500000, 0x000000008a500000| Untracked 
| 166|0x000000008a600000, 0x000000008a600000, 0x000000008a700000|  0%| F|  |TAMS 0x000000008a600000, 0x000000008a600000| Untracked 
| 167|0x000000008a700000, 0x000000008a700000, 0x000000008a800000|  0%| F|  |TAMS 0x000000008a700000, 0x000000008a700000| Untracked 
| 168|0x000000008a800000, 0x000000008a800000, 0x000000008a900000|  0%| F|  |TAMS 0x000000008a800000, 0x000000008a800000| Untracked 
| 169|0x000000008a900000, 0x000000008a900000, 0x000000008aa00000|  0%| F|  |TAMS 0x000000008a900000, 0x000000008a900000| Untracked 
| 170|0x000000008aa00000, 0x000000008aa00000, 0x000000008ab00000|  0%| F|  |TAMS 0x000000008aa00000, 0x000000008aa00000| Untracked 
| 171|0x000000008ab00000, 0x000000008ab00000, 0x000000008ac00000|  0%| F|  |TAMS 0x000000008ab00000, 0x000000008ab00000| Untracked 
| 172|0x000000008ac00000, 0x000000008ac00000, 0x000000008ad00000|  0%| F|  |TAMS 0x000000008ac00000, 0x000000008ac00000| Untracked 
| 173|0x000000008ad00000, 0x000000008ad00000, 0x000000008ae00000|  0%| F|  |TAMS 0x000000008ad00000, 0x000000008ad00000| Untracked 
| 174|0x000000008ae00000, 0x000000008ae00000, 0x000000008af00000|  0%| F|  |TAMS 0x000000008ae00000, 0x000000008ae00000| Untracked 
| 175|0x000000008af00000, 0x000000008af00000, 0x000000008b000000|  0%| F|  |TAMS 0x000000008af00000, 0x000000008af00000| Untracked 
| 176|0x000000008b000000, 0x000000008b000000, 0x000000008b100000|  0%| F|  |TAMS 0x000000008b000000, 0x000000008b000000| Untracked 
| 177|0x000000008b100000, 0x000000008b100000, 0x000000008b200000|  0%| F|  |TAMS 0x000000008b100000, 0x000000008b100000| Untracked 
| 178|0x000000008b200000, 0x000000008b200000, 0x000000008b300000|  0%| F|  |TAMS 0x000000008b200000, 0x000000008b200000| Untracked 
| 179|0x000000008b300000, 0x000000008b300000, 0x000000008b400000|  0%| F|  |TAMS 0x000000008b300000, 0x000000008b300000| Untracked 
| 180|0x000000008b400000, 0x000000008b400000, 0x000000008b500000|  0%| F|  |TAMS 0x000000008b400000, 0x000000008b400000| Untracked 
| 181|0x000000008b500000, 0x000000008b500000, 0x000000008b600000|  0%| F|  |TAMS 0x000000008b500000, 0x000000008b500000| Untracked 
| 182|0x000000008b600000, 0x000000008b600000, 0x000000008b700000|  0%| F|  |TAMS 0x000000008b600000, 0x000000008b600000| Untracked 
| 183|0x000000008b700000, 0x000000008b700000, 0x000000008b800000|  0%| F|  |TAMS 0x000000008b700000, 0x000000008b700000| Untracked 
| 184|0x000000008b800000, 0x000000008b800000, 0x000000008b900000|  0%| F|  |TAMS 0x000000008b800000, 0x000000008b800000| Untracked 
| 185|0x000000008b900000, 0x000000008b900000, 0x000000008ba00000|  0%| F|  |TAMS 0x000000008b900000, 0x000000008b900000| Untracked 
| 186|0x000000008ba00000, 0x000000008ba00000, 0x000000008bb00000|  0%| F|  |TAMS 0x000000008ba00000, 0x000000008ba00000| Untracked 
| 187|0x000000008bb00000, 0x000000008bb00000, 0x000000008bc00000|  0%| F|  |TAMS 0x000000008bb00000, 0x000000008bb00000| Untracked 
| 188|0x000000008bc00000, 0x000000008bc00000, 0x000000008bd00000|  0%| F|  |TAMS 0x000000008bc00000, 0x000000008bc00000| Untracked 
| 189|0x000000008bd00000, 0x000000008bd00000, 0x000000008be00000|  0%| F|  |TAMS 0x000000008bd00000, 0x000000008bd00000| Untracked 
| 190|0x000000008be00000, 0x000000008be00000, 0x000000008bf00000|  0%| F|  |TAMS 0x000000008be00000, 0x000000008be00000| Untracked 
| 191|0x000000008bf00000, 0x000000008bf00000, 0x000000008c000000|  0%| F|  |TAMS 0x000000008bf00000, 0x000000008bf00000| Untracked 
| 192|0x000000008c000000, 0x000000008c000000, 0x000000008c100000|  0%| F|  |TAMS 0x000000008c000000, 0x000000008c000000| Untracked 
| 193|0x000000008c100000, 0x000000008c100000, 0x000000008c200000|  0%| F|  |TAMS 0x000000008c100000, 0x000000008c100000| Untracked 
| 194|0x000000008c200000, 0x000000008c200000, 0x000000008c300000|  0%| F|  |TAMS 0x000000008c200000, 0x000000008c200000| Untracked 
| 195|0x000000008c300000, 0x000000008c300000, 0x000000008c400000|  0%| F|  |TAMS 0x000000008c300000, 0x000000008c300000| Untracked 
| 196|0x000000008c400000, 0x000000008c400000, 0x000000008c500000|  0%| F|  |TAMS 0x000000008c400000, 0x000000008c400000| Untracked 
| 197|0x000000008c500000, 0x000000008c500000, 0x000000008c600000|  0%| F|  |TAMS 0x000000008c500000, 0x000000008c500000| Untracked 
| 198|0x000000008c600000, 0x000000008c600000, 0x000000008c700000|  0%| F|  |TAMS 0x000000008c600000, 0x000000008c600000| Untracked 
| 199|0x000000008c700000, 0x000000008c700000, 0x000000008c800000|  0%| F|  |TAMS 0x000000008c700000, 0x000000008c700000| Untracked 
| 200|0x000000008c800000, 0x000000008c800000, 0x000000008c900000|  0%| F|  |TAMS 0x000000008c800000, 0x000000008c800000| Untracked 
| 201|0x000000008c900000, 0x000000008c900000, 0x000000008ca00000|  0%| F|  |TAMS 0x000000008c900000, 0x000000008c900000| Untracked 
| 202|0x000000008ca00000, 0x000000008ca00000, 0x000000008cb00000|  0%| F|  |TAMS 0x000000008ca00000, 0x000000008ca00000| Untracked 
| 203|0x000000008cb00000, 0x000000008cb00000, 0x000000008cc00000|  0%| F|  |TAMS 0x000000008cb00000, 0x000000008cb00000| Untracked 
| 204|0x000000008cc00000, 0x000000008cc00000, 0x000000008cd00000|  0%| F|  |TAMS 0x000000008cc00000, 0x000000008cc00000| Untracked 
| 205|0x000000008cd00000, 0x000000008cd00000, 0x000000008ce00000|  0%| F|  |TAMS 0x000000008cd00000, 0x000000008cd00000| Untracked 
| 206|0x000000008ce00000, 0x000000008ce00000, 0x000000008cf00000|  0%| F|  |TAMS 0x000000008ce00000, 0x000000008ce00000| Untracked 
| 207|0x000000008cf00000, 0x000000008cf00000, 0x000000008d000000|  0%| F|  |TAMS 0x000000008cf00000, 0x000000008cf00000| Untracked 
| 208|0x000000008d000000, 0x000000008d000000, 0x000000008d100000|  0%| F|  |TAMS 0x000000008d000000, 0x000000008d000000| Untracked 
| 209|0x000000008d100000, 0x000000008d100000, 0x000000008d200000|  0%| F|  |TAMS 0x000000008d100000, 0x000000008d100000| Untracked 
| 210|0x000000008d200000, 0x000000008d200000, 0x000000008d300000|  0%| F|  |TAMS 0x000000008d200000, 0x000000008d200000| Untracked 
| 211|0x000000008d300000, 0x000000008d300000, 0x000000008d400000|  0%| F|  |TAMS 0x000000008d300000, 0x000000008d300000| Untracked 
| 212|0x000000008d400000, 0x000000008d400000, 0x000000008d500000|  0%| F|  |TAMS 0x000000008d400000, 0x000000008d400000| Untracked 
| 213|0x000000008d500000, 0x000000008d500000, 0x000000008d600000|  0%| F|  |TAMS 0x000000008d500000, 0x000000008d500000| Untracked 
| 214|0x000000008d600000, 0x000000008d600000, 0x000000008d700000|  0%| F|  |TAMS 0x000000008d600000, 0x000000008d600000| Untracked 
| 215|0x000000008d700000, 0x000000008d700000, 0x000000008d800000|  0%| F|  |TAMS 0x000000008d700000, 0x000000008d700000| Untracked 
| 216|0x000000008d800000, 0x000000008d800000, 0x000000008d900000|  0%| F|  |TAMS 0x000000008d800000, 0x000000008d800000| Untracked 
| 217|0x000000008d900000, 0x000000008d900000, 0x000000008da00000|  0%| F|  |TAMS 0x000000008d900000, 0x000000008d900000| Untracked 
| 218|0x000000008da00000, 0x000000008da00000, 0x000000008db00000|  0%| F|  |TAMS 0x000000008da00000, 0x000000008da00000| Untracked 
| 219|0x000000008db00000, 0x000000008dbbcf00, 0x000000008dc00000| 73%| E|  |TAMS 0x000000008db00000, 0x000000008db00000| Complete 

Card table byte_map: [0x0000024775ae0000,0x0000024775ee0000] _byte_map_base: 0x00000247756e0000

Marking Bits (Prev, Next): (CMBitMap*) 0x00000247715dc990, (CMBitMap*) 0x00000247715dc958
 Prev Bits: [0x00000247782e0000, 0x000002477a2e0000)
 Next Bits: [0x00000247762e0000, 0x00000247782e0000)

Polling page: 0x0000024775090000

Metaspace:

Usage:
  Non-class:    110.87 MB capacity,   108.55 MB ( 98%) used,     1.88 MB (  2%) free+waste,   443.94 KB ( <1%) overhead. 
      Class:     16.74 MB capacity,    15.43 MB ( 92%) used,     1.12 MB (  7%) free+waste,   193.88 KB (  1%) overhead. 
       Both:    127.61 MB capacity,   123.98 MB ( 97%) used,     3.01 MB (  2%) free+waste,   637.81 KB ( <1%) overhead. 

Virtual space:
  Non-class space:      112.00 MB reserved,     111.00 MB (>99%) committed 
      Class space:        1.00 GB reserved,      16.82 MB (  2%) committed 
             Both:        1.11 GB reserved,     127.82 MB ( 11%) committed 

Chunk freelists:
   Non-Class:  8.00 KB
       Class:  0 bytes
        Both:  8.00 KB

MaxMetaspaceSize: 17179869184.00 GB
CompressedClassSpaceSize: 1.00 GB

CodeHeap 'non-profiled nmethods': size=120064Kb used=15147Kb max_used=15147Kb free=104916Kb
 bounds [0x0000024707ac0000, 0x0000024708990000, 0x000002470f000000]
CodeHeap 'profiled nmethods': size=120000Kb used=47164Kb max_used=47164Kb free=72835Kb
 bounds [0x0000024700590000, 0x00000247033c0000, 0x0000024707ac0000]
CodeHeap 'non-nmethods': size=5696Kb used=2378Kb max_used=2439Kb free=3317Kb
 bounds [0x0000024700000000, 0x0000024700280000, 0x0000024700590000]
 total_blobs=21731 nmethods=20724 adapters=916
 compilation: enabled
              stopped_count=0, restarted_count=0
 full_count=0

Compilation events (20 events):
Event: 1802.826 Thread 0x0000024711d68800 nmethod 22595 0x0000024708984d10 code [0x0000024708984ea0, 0x0000024708985258]
Event: 1802.826 Thread 0x0000024711d68800 22596       4       java.util.Comparator::thenComparing (12 bytes)
Event: 1802.835 Thread 0x0000024711d68800 nmethod 22596 0x0000024708985310 code [0x00000247089854e0, 0x0000024708985938]
Event: 1802.841 Thread 0x000002477c946800 22597       3       org.gradle.api.internal.artifacts.ivyservice.modulecache.StringDeduplicatingDecoder::<init> (15 bytes)
Event: 1802.841 Thread 0x000002477c946800 nmethod 22597 0x00000247033b4a10 code [0x00000247033b4bc0, 0x00000247033b4dd8]
Event: 1802.841 Thread 0x000002477c946800 22598       3       org.gradle.api.internal.artifacts.ivyservice.modulecache.ModuleMetadataSerializer::read (35 bytes)
Event: 1802.841 Thread 0x000002477c946800 nmethod 22598 0x00000247033b4e90 code [0x00000247033b5060, 0x00000247033b52d8]
Event: 1802.842 Thread 0x000002477c946800 22599       3       org.gradle.api.internal.artifacts.ivyservice.modulecache.ModuleMetadataSerializer$Reader::<init> (16 bytes)
Event: 1802.842 Thread 0x000002477c946800 nmethod 22599 0x00000247033b5410 code [0x00000247033b55c0, 0x00000247033b5708]
Event: 1802.842 Thread 0x000002477c946800 22600       3       org.gradle.api.internal.artifacts.ivyservice.modulecache.StringDeduplicatingDecoder::close (13 bytes)
Event: 1802.842 Thread 0x000002477c946800 nmethod 22600 0x00000247033b5810 code [0x00000247033b59e0, 0x00000247033b5ca8]
Event: 1802.843 Thread 0x0000024711d68800 22601       4       org.gradle.internal.resolve.result.DefaultBuildableModuleComponentMetaDataResolveResult::assertResolved (36 bytes)
Event: 1802.844 Thread 0x0000024711d68800 nmethod 22601 0x0000024708985b90 code [0x0000024708985d20, 0x0000024708985db8]
Event: 1802.844 Thread 0x0000024711d68800 22602       4       org.gradle.internal.resolve.result.DefaultBuildableModuleComponentMetaDataResolveResult::getMetaData (9 bytes)
Event: 1802.845 Thread 0x0000024711d68800 nmethod 22602 0x0000024708985e90 code [0x0000024708986020, 0x00000247089860b8]
Event: 1802.852 Thread 0x0000024711d68800 22603  s    4       org.gradle.internal.component.external.model.AbstractLazyModuleComponentResolveMetadata::getVariantsForGraphTraversal (20 bytes)
Event: 1802.973 Thread 0x000002477c944800 nmethod 22593 0x0000024708986190 code [0x0000024708986520, 0x0000024708989230]
Event: 1802.999 Thread 0x000002477c944800 22604       4       org.gradle.api.internal.artifacts.ivyservice.ivyresolve.ComponentMetaDataResolveState::<init> (37 bytes)
Event: 1803.016 Thread 0x000002477c944800 nmethod 22604 0x000002470898b210 code [0x000002470898b3c0, 0x000002470898bbd8]
Event: 1803.045 Thread 0x000002477c944800 22605       4       org.gradle.api.internal.artifacts.ivyservice.resolveengine.graph.builder.DependencyGraphBuilder::resolveEdges (43 bytes)

GC Heap History (20 events):
Event: 649.729 GC heap before
{Heap before GC invocations=58 (full 0):
 garbage-first heap   total 225280K, used 123389K [0x0000000080000000, 0x0000000100000000)
  region size 1024K, 12 young (12288K), 2 survivors (2048K)
 Metaspace       used 125710K, capacity 129321K, committed 129484K, reserved 1161216K
  class space    used 15748K, capacity 17060K, committed 17100K, reserved 1048576K
}
Event: 649.738 GC heap after
{Heap after GC invocations=59 (full 0):
 garbage-first heap   total 225280K, used 113398K [0x0000000080000000, 0x0000000100000000)
  region size 1024K, 1 young (1024K), 1 survivors (1024K)
 Metaspace       used 125710K, capacity 129321K, committed 129484K, reserved 1161216K
  class space    used 15748K, capacity 17060K, committed 17100K, reserved 1048576K
}
Event: 652.880 GC heap before
{Heap before GC invocations=60 (full 0):
 garbage-first heap   total 225280K, used 200438K [0x0000000080000000, 0x0000000100000000)
  region size 1024K, 70 young (71680K), 1 survivors (1024K)
 Metaspace       used 125813K, capacity 129389K, committed 129484K, reserved 1161216K
  class space    used 15749K, capacity 17061K, committed 17100K, reserved 1048576K
}
Event: 652.891 GC heap after
{Heap after GC invocations=61 (full 0):
 garbage-first heap   total 225280K, used 118853K [0x0000000080000000, 0x0000000100000000)
  region size 1024K, 7 young (7168K), 7 survivors (7168K)
 Metaspace       used 125813K, capacity 129389K, committed 129484K, reserved 1161216K
  class space    used 15749K, capacity 17061K, committed 17100K, reserved 1048576K
}
Event: 652.920 GC heap before
{Heap before GC invocations=61 (full 0):
 garbage-first heap   total 225280K, used 121925K [0x0000000080000000, 0x0000000100000000)
  region size 1024K, 11 young (11264K), 7 survivors (7168K)
 Metaspace       used 125831K, capacity 129389K, committed 129484K, reserved 1161216K
  class space    used 15749K, capacity 17061K, committed 17100K, reserved 1048576K
}
Event: 652.942 GC heap after
{Heap after GC invocations=62 (full 0):
 garbage-first heap   total 225280K, used 112103K [0x0000000080000000, 0x0000000100000000)
  region size 1024K, 2 young (2048K), 2 survivors (2048K)
 Metaspace       used 125831K, capacity 129389K, committed 129484K, reserved 1161216K
  class space    used 15749K, capacity 17061K, committed 17100K, reserved 1048576K
}
Event: 656.058 GC heap before
{Heap before GC invocations=62 (full 0):
 garbage-first heap   total 225280K, used 173543K [0x0000000080000000, 0x0000000100000000)
  region size 1024K, 64 young (65536K), 2 survivors (2048K)
 Metaspace       used 125915K, capacity 129483K, committed 129740K, reserved 1161216K
  class space    used 15753K, capacity 17069K, committed 17100K, reserved 1048576K
}
Event: 656.069 GC heap after
{Heap after GC invocations=63 (full 0):
 garbage-first heap   total 225280K, used 113677K [0x0000000080000000, 0x0000000100000000)
  region size 1024K, 3 young (3072K), 3 survivors (3072K)
 Metaspace       used 125915K, capacity 129483K, committed 129740K, reserved 1161216K
  class space    used 15753K, capacity 17069K, committed 17100K, reserved 1048576K
}
Event: 1293.926 GC heap before
{Heap before GC invocations=64 (full 0):
 garbage-first heap   total 225280K, used 203789K [0x0000000080000000, 0x0000000100000000)
  region size 1024K, 72 young (73728K), 3 survivors (3072K)
 Metaspace       used 126395K, capacity 129965K, committed 129996K, reserved 1163264K
  class space    used 15773K, capacity 17100K, committed 17100K, reserved 1048576K
}
Event: 1293.941 GC heap after
{Heap after GC invocations=65 (full 0):
 garbage-first heap   total 225280K, used 117387K [0x0000000080000000, 0x0000000100000000)
  region size 1024K, 7 young (7168K), 7 survivors (7168K)
 Metaspace       used 126395K, capacity 129965K, committed 129996K, reserved 1163264K
  class space    used 15773K, capacity 17100K, committed 17100K, reserved 1048576K
}
Event: 1294.062 GC heap before
{Heap before GC invocations=65 (full 0):
 garbage-first heap   total 225280K, used 121483K [0x0000000080000000, 0x0000000100000000)
  region size 1024K, 11 young (11264K), 7 survivors (7168K)
 Metaspace       used 126487K, capacity 130060K, committed 130380K, reserved 1163264K
  class space    used 15788K, capacity 17127K, committed 17228K, reserved 1048576K
}
Event: 1294.079 GC heap after
{Heap after GC invocations=66 (full 0):
 garbage-first heap   total 225280K, used 117364K [0x0000000080000000, 0x0000000100000000)
  region size 1024K, 2 young (2048K), 2 survivors (2048K)
 Metaspace       used 126487K, capacity 130060K, committed 130380K, reserved 1163264K
  class space    used 15788K, capacity 17127K, committed 17228K, reserved 1048576K
}
Event: 1299.779 GC heap before
{Heap before GC invocations=66 (full 0):
 garbage-first heap   total 225280K, used 177780K [0x0000000080000000, 0x0000000100000000)
  region size 1024K, 63 young (64512K), 2 survivors (2048K)
 Metaspace       used 126619K, capacity 130360K, committed 130636K, reserved 1163264K
  class space    used 15791K, capacity 17132K, committed 17228K, reserved 1048576K
}
Event: 1299.800 GC heap after
{Heap after GC invocations=67 (full 0):
 garbage-first heap   total 225280K, used 121326K [0x0000000080000000, 0x0000000100000000)
  region size 1024K, 6 young (6144K), 6 survivors (6144K)
 Metaspace       used 126619K, capacity 130360K, committed 130636K, reserved 1163264K
  class space    used 15791K, capacity 17132K, committed 17228K, reserved 1048576K
}
Event: 1394.874 GC heap before
{Heap before GC invocations=68 (full 0):
 garbage-first heap   total 225280K, used 206318K [0x0000000080000000, 0x0000000100000000)
  region size 1024K, 70 young (71680K), 6 survivors (6144K)
 Metaspace       used 126824K, capacity 130507K, committed 130636K, reserved 1163264K
  class space    used 15792K, capacity 17134K, committed 17228K, reserved 1048576K
}
Event: 1394.893 GC heap after
{Heap after GC invocations=69 (full 0):
 garbage-first heap   total 225280K, used 125615K [0x0000000080000000, 0x0000000100000000)
  region size 1024K, 9 young (9216K), 9 survivors (9216K)
 Metaspace       used 126824K, capacity 130507K, committed 130636K, reserved 1163264K
  class space    used 15792K, capacity 17134K, committed 17228K, reserved 1048576K
}
Event: 1394.960 GC heap before
{Heap before GC invocations=69 (full 0):
 garbage-first heap   total 225280K, used 127663K [0x0000000080000000, 0x0000000100000000)
  region size 1024K, 11 young (11264K), 9 survivors (9216K)
 Metaspace       used 126824K, capacity 130507K, committed 130636K, reserved 1163264K
  class space    used 15792K, capacity 17134K, committed 17228K, reserved 1048576K
}
Event: 1395.000 GC heap after
{Heap after GC invocations=70 (full 0):
 garbage-first heap   total 225280K, used 113692K [0x0000000080000000, 0x0000000100000000)
  region size 1024K, 2 young (2048K), 2 survivors (2048K)
 Metaspace       used 126824K, capacity 130507K, committed 130636K, reserved 1163264K
  class space    used 15792K, capacity 17134K, committed 17228K, reserved 1048576K
}
Event: 1803.212 GC heap before
{Heap before GC invocations=70 (full 0):
 garbage-first heap   total 225280K, used 183324K [0x0000000080000000, 0x0000000100000000)
  region size 1024K, 71 young (72704K), 2 survivors (2048K)
 Metaspace       used 126952K, capacity 130669K, committed 130892K, reserved 1163264K
  class space    used 15796K, capacity 17141K, committed 17228K, reserved 1048576K
}
Event: 1803.241 GC heap after
{Heap after GC invocations=71 (full 0):
 garbage-first heap   total 225280K, used 117364K [0x0000000080000000, 0x0000000100000000)
  region size 1024K, 5 young (5120K), 5 survivors (5120K)
 Metaspace       used 126952K, capacity 130669K, committed 130892K, reserved 1163264K
  class space    used 15796K, capacity 17141K, committed 17228K, reserved 1048576K
}

Deoptimization events (20 events):
Event: 1296.249 Thread 0x000002471245a800 DEOPT PACKING pc=0x000002470837d694 sp=0x0000007e4a4fbe40
Event: 1296.249 Thread 0x000002471245a800 DEOPT UNPACKING pc=0x00000247000278af sp=0x0000007e4a4fbe38 mode 2
Event: 1299.936 Thread 0x000002471245a800 DEOPT PACKING pc=0x000002470225c93e sp=0x0000007e4a4fab60
Event: 1299.936 Thread 0x000002471245a800 DEOPT UNPACKING pc=0x00000247000276ce sp=0x0000007e4a4fa040 mode 0
Event: 1300.172 Thread 0x000002477d44e800 Uncommon trap: trap_request=0xffffffde fr.pc=0x0000024707d9336c relative=0x000000000000052c
Event: 1300.172 Thread 0x000002477d44e800 Uncommon trap: reason=class_check action=maybe_recompile pc=0x0000024707d9336c method=jdk.internal.ref.PhantomCleanable.clean()V @ 12 c2
Event: 1300.172 Thread 0x000002477d44e800 DEOPT PACKING pc=0x0000024707d9336c sp=0x0000007e476ff1d0
Event: 1300.172 Thread 0x000002477d44e800 DEOPT UNPACKING pc=0x00000247000278af sp=0x0000007e476ff1b0 mode 2
Event: 1300.202 Thread 0x0000024711d6a800 Uncommon trap: trap_request=0xffffffc6 fr.pc=0x000002470873367c relative=0x00000000000007fc
Event: 1300.204 Thread 0x0000024711d6a800 Uncommon trap: reason=bimorphic_or_optimized_type_check action=maybe_recompile pc=0x000002470873367c method=java.util.HashMap.removeNode(ILjava/lang/Object;Ljava/lang/Object;ZZ)Ljava/util/HashMap$Node; @ 143 c2
Event: 1300.204 Thread 0x0000024711d6a800 DEOPT PACKING pc=0x000002470873367c sp=0x0000007e4aeff3e0
Event: 1300.204 Thread 0x0000024711d6a800 DEOPT UNPACKING pc=0x00000247000278af sp=0x0000007e4aeff378 mode 2
Event: 1302.612 Thread 0x000002470f99c800 Uncommon trap: trap_request=0xffffff4d fr.pc=0x000002470886ce48 relative=0x0000000000003928
Event: 1302.612 Thread 0x000002470f99c800 Uncommon trap: reason=unstable_if action=reinterpret pc=0x000002470886ce48 method=java.util.concurrent.locks.AbstractQueuedSynchronizer$ConditionObject.awaitNanos(J)J @ 79 c2
Event: 1302.612 Thread 0x000002470f99c800 DEOPT PACKING pc=0x000002470886ce48 sp=0x0000007e47bfed60
Event: 1302.612 Thread 0x000002470f99c800 DEOPT UNPACKING pc=0x00000247000278af sp=0x0000007e47bfebd8 mode 2
Event: 1394.713 Thread 0x0000024711d6b000 DEOPT PACKING pc=0x00000247013de5da sp=0x0000007e47dfa110
Event: 1394.713 Thread 0x0000024711d6b000 DEOPT UNPACKING pc=0x00000247000276ce sp=0x0000007e47df9630 mode 0
Event: 1395.383 Thread 0x0000024712453000 DEOPT PACKING pc=0x0000024702ece632 sp=0x0000007e4a4fb1d0
Event: 1395.383 Thread 0x0000024712453000 DEOPT UNPACKING pc=0x00000247000276ce sp=0x0000007e4a4fa5d0 mode 0

Classes redefined (0 events):
No events

Internal exceptions (20 events):
Event: 1294.853 Thread 0x0000024710304800 Exception <a 'java/lang/InterruptedException'{0x000000008b8fba98}> (0x000000008b8fba98) thrown at [./src/hotspot/share/runtime/objectMonitor.cpp, line 1635]
Event: 1296.539 Thread 0x000002471030c800 Exception <a 'java/lang/InterruptedException'{0x000000008ade6670}> (0x000000008ade6670) thrown at [./src/hotspot/share/runtime/objectMonitor.cpp, line 1635]
Event: 1299.912 Thread 0x000002471245a800 Exception <a 'sun/nio/fs/WindowsException'{0x000000008db6a4d0}> (0x000000008db6a4d0) thrown at [./src/hotspot/share/prims/jni.cpp, line 615]
Event: 1299.938 Thread 0x000002471245a800 Exception <a 'sun/nio/fs/WindowsException'{0x000000008dba0618}> (0x000000008dba0618) thrown at [./src/hotspot/share/prims/jni.cpp, line 615]
Event: 1300.036 Thread 0x0000024710310800 Exception <a 'sun/nio/fs/WindowsException'{0x000000008d649e08}> (0x000000008d649e08) thrown at [./src/hotspot/share/prims/jni.cpp, line 615]
Event: 1300.048 Thread 0x0000024710304800 Exception <a 'sun/nio/fs/WindowsException'{0x000000008d567080}> (0x000000008d567080) thrown at [./src/hotspot/share/prims/jni.cpp, line 615]
Event: 1300.177 Thread 0x0000024710304800 Exception <a 'sun/nio/fs/WindowsException'{0x000000008d2b4240}> (0x000000008d2b4240) thrown at [./src/hotspot/share/prims/jni.cpp, line 615]
Event: 1300.204 Thread 0x0000024710310800 Exception <a 'sun/nio/fs/WindowsException'{0x000000008d10bf38}> (0x000000008d10bf38) thrown at [./src/hotspot/share/prims/jni.cpp, line 615]
Event: 1300.218 Thread 0x0000024710304800 Exception <a 'sun/nio/fs/WindowsException'{0x000000008d2c0660}> (0x000000008d2c0660) thrown at [./src/hotspot/share/prims/jni.cpp, line 615]
Event: 1300.417 Thread 0x000002471030f800 Exception <a 'sun/nio/fs/WindowsException'{0x000000008ce3f9a8}> (0x000000008ce3f9a8) thrown at [./src/hotspot/share/prims/jni.cpp, line 615]
Event: 1300.461 Thread 0x000002471030f800 Exception <a 'sun/nio/fs/WindowsException'{0x000000008cdeea58}> (0x000000008cdeea58) thrown at [./src/hotspot/share/prims/jni.cpp, line 615]
Event: 1300.647 Thread 0x000002470ff15800 Exception <a 'sun/nio/fs/WindowsException'{0x000000008ca7d030}> (0x000000008ca7d030) thrown at [./src/hotspot/share/prims/jni.cpp, line 615]
Event: 1394.533 Thread 0x0000024711d6b000 Exception <a 'sun/nio/fs/WindowsException'{0x000000008b391780}> (0x000000008b391780) thrown at [./src/hotspot/share/prims/jni.cpp, line 615]
Event: 1394.700 Thread 0x0000024711d6b000 Exception <a 'sun/nio/fs/WindowsException'{0x000000008a8a4bd0}> (0x000000008a8a4bd0) thrown at [./src/hotspot/share/prims/jni.cpp, line 615]
Event: 1394.710 Thread 0x0000024711d6b000 Exception <a 'sun/nio/fs/WindowsException'{0x000000008a747ea0}> (0x000000008a747ea0) thrown at [./src/hotspot/share/prims/jni.cpp, line 615]
Event: 1394.710 Thread 0x0000024711d6b000 Exception <a 'sun/nio/fs/WindowsException'{0x000000008a748f70}> (0x000000008a748f70) thrown at [./src/hotspot/share/prims/jni.cpp, line 615]
Event: 1394.710 Thread 0x0000024711d6b000 Exception <a 'sun/nio/fs/WindowsException'{0x000000008a74a090}> (0x000000008a74a090) thrown at [./src/hotspot/share/prims/jni.cpp, line 615]
Event: 1394.710 Thread 0x0000024711d6b000 Exception <a 'sun/nio/fs/WindowsException'{0x000000008a74b1b0}> (0x000000008a74b1b0) thrown at [./src/hotspot/share/prims/jni.cpp, line 615]
Event: 1394.827 Thread 0x0000024711d6b000 Exception <a 'sun/nio/fs/WindowsException'{0x0000000089eef1b0}> (0x0000000089eef1b0) thrown at [./src/hotspot/share/prims/jni.cpp, line 615]
Event: 1395.707 Thread 0x0000024712450800 Exception <a 'sun/nio/fs/WindowsException'{0x000000008ad870b0}> (0x000000008ad870b0) thrown at [./src/hotspot/share/prims/jni.cpp, line 615]

Events (20 events):
Event: 1802.569 Thread 0x0000024712450800 Thread added: 0x0000024712450800
Event: 1802.573 Thread 0x000002471245a800 Thread added: 0x000002471245a800
Event: 1802.573 Thread 0x0000024712459800 Thread added: 0x0000024712459800
Event: 1802.580 Thread 0x0000024712457000 Thread added: 0x0000024712457000
Event: 1802.586 Executing VM operation: RevokeBias
Event: 1802.586 Executing VM operation: RevokeBias done
Event: 1802.602 Thread 0x0000024712458000 Thread added: 0x0000024712458000
Event: 1802.613 Thread 0x0000024711d6c000 Thread added: 0x0000024711d6c000
Event: 1802.622 Thread 0x0000024711d69800 Thread added: 0x0000024711d69800
Event: 1802.639 Thread 0x0000024711d6b000 Thread added: 0x0000024711d6b000
Event: 1802.674 Thread 0x0000024711d6d000 Thread added: 0x0000024711d6d000
Event: 1802.784 Thread 0x0000024711d68800 Thread added: 0x0000024711d68800
Event: 1803.076 Thread 0x0000024711d73800 Thread added: 0x0000024711d73800
Event: 1803.076 Thread 0x0000024711d6f000 Thread added: 0x0000024711d6f000
Event: 1803.076 Thread 0x0000024711d70000 Thread added: 0x0000024711d70000
Event: 1803.077 Thread 0x0000024711d6e800 Thread added: 0x0000024711d6e800
Event: 1803.118 Executing VM operation: RevokeBias
Event: 1803.124 Executing VM operation: RevokeBias done
Event: 1803.212 Executing VM operation: G1CollectForAllocation
Event: 1803.241 Executing VM operation: G1CollectForAllocation done


Dynamic libraries:
0x00007ff6861e0000 - 0x00007ff6861ea000 	C:\Program Files\Android\Android Studio\jre\bin\java.exe
0x00007fff9ab90000 - 0x00007fff9ad85000 	C:\Windows\SYSTEM32\ntdll.dll
0x00007fff98ef0000 - 0x00007fff98fae000 	C:\Windows\System32\KERNEL32.DLL
0x00007fff98670000 - 0x00007fff98939000 	C:\Windows\System32\KERNELBASE.dll
0x00007fff98360000 - 0x00007fff98460000 	C:\Windows\System32\ucrtbase.dll
0x00007fff7c420000 - 0x00007fff7c437000 	C:\Program Files\Android\Android Studio\jre\bin\VCRUNTIME140.dll
0x00007fff80b20000 - 0x00007fff80b39000 	C:\Program Files\Android\Android Studio\jre\bin\jli.dll
0x00007fff98c10000 - 0x00007fff98db1000 	C:\Windows\System32\USER32.dll
0x00007fff98490000 - 0x00007fff984b2000 	C:\Windows\System32\win32u.dll
0x00007fff98be0000 - 0x00007fff98c0b000 	C:\Windows\System32\GDI32.dll
0x00007fff98ad0000 - 0x00007fff98bdb000 	C:\Windows\System32\gdi32full.dll
0x00007fff98a30000 - 0x00007fff98acd000 	C:\Windows\System32\msvcp_win.dll
0x00007fff87100000 - 0x00007fff8739a000 	C:\Windows\WinSxS\amd64_microsoft.windows.common-controls_6595b64144ccf1df_6.0.19041.1110_none_60b5254171f9507e\COMCTL32.dll
0x00007fff9a9a0000 - 0x00007fff9aa3e000 	C:\Windows\System32\msvcrt.dll
0x00007fff9a830000 - 0x00007fff9a860000 	C:\Windows\System32\IMM32.DLL
0x00007fff670a0000 - 0x00007fff6713d000 	C:\Program Files\Android\Android Studio\jre\bin\msvcp140.dll
0x00007fff554e0000 - 0x00007fff55faf000 	C:\Program Files\Android\Android Studio\jre\bin\server\jvm.dll
0x00007fff9a1b0000 - 0x00007fff9a25c000 	C:\Windows\System32\ADVAPI32.dll
0x00007fff9a790000 - 0x00007fff9a82b000 	C:\Windows\System32\sechost.dll
0x00007fff98dc0000 - 0x00007fff98eea000 	C:\Windows\System32\RPCRT4.dll
0x00007fff99880000 - 0x00007fff99888000 	C:\Windows\System32\PSAPI.DLL
0x00007fff93d40000 - 0x00007fff93d49000 	C:\Windows\SYSTEM32\WSOCK32.dll
0x00007fff8ce40000 - 0x00007fff8ce67000 	C:\Windows\SYSTEM32\WINMM.dll
0x00007fff920e0000 - 0x00007fff920ea000 	C:\Windows\SYSTEM32\VERSION.dll
0x00007fff9a380000 - 0x00007fff9a3eb000 	C:\Windows\System32\ws2_32.DLL
0x00007fff961b0000 - 0x00007fff961c2000 	C:\Windows\SYSTEM32\kernel.appcore.dll
0x00007fff7c1a0000 - 0x00007fff7c1b1000 	C:\Program Files\Android\Android Studio\jre\bin\verify.dll
0x00007fff81d90000 - 0x00007fff81f74000 	C:\Windows\SYSTEM32\DBGHELP.DLL
0x00007fff81d60000 - 0x00007fff81d8c000 	C:\Windows\SYSTEM32\dbgcore.DLL
0x00007fff989a0000 - 0x00007fff98a23000 	C:\Windows\System32\bcryptPrimitives.dll
0x00007fff76e60000 - 0x00007fff76e89000 	C:\Program Files\Android\Android Studio\jre\bin\java.dll
0x00007fff90eb0000 - 0x00007fff90ebb000 	C:\Program Files\Android\Android Studio\jre\bin\jimage.dll
0x00007fff7aee0000 - 0x00007fff7aef8000 	C:\Program Files\Android\Android Studio\jre\bin\zip.dll
0x00007fff99140000 - 0x00007fff9987f000 	C:\Windows\System32\SHELL32.dll
0x00007fff963b0000 - 0x00007fff96b40000 	C:\Windows\SYSTEM32\windows.storage.dll
0x00007fff99da0000 - 0x00007fff9a0f5000 	C:\Windows\System32\combase.dll
0x00007fff97c30000 - 0x00007fff97c5c000 	C:\Windows\SYSTEM32\Wldp.dll
0x00007fff9a100000 - 0x00007fff9a1ae000 	C:\Windows\System32\SHCORE.dll
0x00007fff990e0000 - 0x00007fff99135000 	C:\Windows\System32\shlwapi.dll
0x00007fff981f0000 - 0x00007fff9820f000 	C:\Windows\SYSTEM32\profapi.dll
0x00007fff7a0b0000 - 0x00007fff7a0ca000 	C:\Program Files\Android\Android Studio\jre\bin\net.dll
0x00007fff86f60000 - 0x00007fff87068000 	C:\Windows\SYSTEM32\WINHTTP.dll
0x00007fff97990000 - 0x00007fff979fa000 	C:\Windows\system32\mswsock.dll
0x00007fff74920000 - 0x00007fff74934000 	C:\Program Files\Android\Android Studio\jre\bin\nio.dll
0x00007fff6e3e0000 - 0x00007fff6e407000 	C:\Users\user\.gradle\native\8bec1ad78214c89d9ad589b4d07fe93259594b29d510b10fafb7a158f7737e5d\windows-amd64\native-platform.dll
0x00007fff6e2a0000 - 0x00007fff6e3dd000 	C:\Users\user\.gradle\native\53dbd7edfb1c66fb8903c78663c9afc45aea4f116125fa6feffd364cf09443e8\windows-amd64\native-platform-file-events.dll
0x00007fff869f0000 - 0x00007fff869fa000 	C:\Program Files\Android\Android Studio\jre\bin\management.dll
0x00007fff868b0000 - 0x00007fff868bc000 	C:\Program Files\Android\Android Studio\jre\bin\management_ext.dll
0x00007fff97b80000 - 0x00007fff97b98000 	C:\Windows\SYSTEM32\CRYPTSP.dll
0x00007fff97310000 - 0x00007fff97344000 	C:\Windows\system32\rsaenh.dll
0x00007fff98460000 - 0x00007fff98487000 	C:\Windows\System32\bcrypt.dll
0x00007fff98170000 - 0x00007fff9819e000 	C:\Windows\SYSTEM32\USERENV.dll
0x00007fff97ba0000 - 0x00007fff97bac000 	C:\Windows\SYSTEM32\CRYPTBASE.dll
0x00007fff97680000 - 0x00007fff976bb000 	C:\Windows\SYSTEM32\IPHLPAPI.DLL
0x00007fff9a860000 - 0x00007fff9a868000 	C:\Windows\System32\NSI.dll
0x00007fff8d440000 - 0x00007fff8d457000 	C:\Windows\SYSTEM32\dhcpcsvc6.DLL
0x00007fff8f1a0000 - 0x00007fff8f1bd000 	C:\Windows\SYSTEM32\dhcpcsvc.DLL
0x00007fff976c0000 - 0x00007fff9778c000 	C:\Windows\SYSTEM32\DNSAPI.dll
0x00007fff786d0000 - 0x00007fff786ee000 	C:\Users\user\AppData\Local\Temp\native-platform3331452596238858475dir\native-platform.dll
0x00007fff95980000 - 0x00007fff95988000 	C:\Program Files\Android\Android Studio\jre\bin\rmi.dll
0x00007fff96fa0000 - 0x00007fff96fd3000 	C:\Windows\SYSTEM32\ntmarta.dll

dbghelp: loaded successfully - version: 4.0.5 - missing functions: none
symbol engine: initialized successfully - sym options: 0x614 - pdb path: .;C:\Program Files\Android\Android Studio\jre\bin;C:\Windows\SYSTEM32;C:\Windows\WinSxS\amd64_microsoft.windows.common-controls_6595b64144ccf1df_6.0.19041.1110_none_60b5254171f9507e;C:\Program Files\Android\Android Studio\jre\bin\server;C:\Users\user\.gradle\native\8bec1ad78214c89d9ad589b4d07fe93259594b29d510b10fafb7a158f7737e5d\windows-amd64;C:\Users\user\.gradle\native\53dbd7edfb1c66fb8903c78663c9afc45aea4f116125fa6feffd364cf09443e8\windows-amd64;C:\Users\user\AppData\Local\Temp\native-platform3331452596238858475dir

VM Arguments:
jvm_args: --add-opens=java.base/java.util=ALL-UNNAMED --add-opens=java.base/java.lang=ALL-UNNAMED --add-opens=java.base/java.lang.invoke=ALL-UNNAMED --add-opens=java.base/java.util=ALL-UNNAMED --add-opens=java.prefs/java.util.prefs=ALL-UNNAMED --add-opens=java.prefs/java.util.prefs=ALL-UNNAMED --add-opens=java.base/java.nio.charset=ALL-UNNAMED --add-opens=java.base/java.net=ALL-UNNAMED --add-opens=java.base/java.util.concurrent.atomic=ALL-UNNAMED -Xmx2048m -Dfile.encoding=UTF-8 -Duser.country=RU -Duser.language=ru -Duser.variant 
java_command: org.gradle.launcher.daemon.bootstrap.GradleDaemon 7.0.2
java_class_path (initial): C:\Users\user\.gradle\wrapper\dists\gradle-7.0.2-bin\857tjihv64xamwrf0h14cai3r\gradle-7.0.2\lib\gradle-launcher-7.0.2.jar
Launcher Type: SUN_STANDARD

[Global flags]
     intx CICompilerCount                          = 3                                         {product} {ergonomic}
     uint ConcGCThreads                            = 1                                         {product} {ergonomic}
     uint G1ConcRefinementThreads                  = 4                                         {product} {ergonomic}
   size_t G1HeapRegionSize                         = 1048576                                   {product} {ergonomic}
    uintx GCDrainStackTargetSize                   = 64                                        {product} {ergonomic}
   size_t InitialHeapSize                          = 132120576                                 {product} {ergonomic}
   size_t MarkStackSize                            = 4194304                                   {product} {ergonomic}
   size_t MaxHeapSize                              = 2147483648                                {product} {command line}
   size_t MaxNewSize                               = 1287651328                                {product} {ergonomic}
   size_t MinHeapDeltaBytes                        = 1048576                                   {product} {ergonomic}
    uintx NonNMethodCodeHeapSize                   = 5830732                                {pd product} {ergonomic}
    uintx NonProfiledCodeHeapSize                  = 122913754                              {pd product} {ergonomic}
    uintx ProfiledCodeHeapSize                     = 122913754                              {pd product} {ergonomic}
    uintx ReservedCodeCacheSize                    = 251658240                              {pd product} {ergonomic}
     bool SegmentedCodeCache                       = true                                      {product} {ergonomic}
     bool UseCompressedClassPointers               = true                                 {lp64_product} {ergonomic}
     bool UseCompressedOops                        = true                                 {lp64_product} {ergonomic}
     bool UseG1GC                                  = true                                      {product} {ergonomic}
     bool UseLargePagesIndividualAllocation        = false                                  {pd product} {ergonomic}

Logging:
Log output configuration:
 #0: stdout all=warning uptime,level,tags
 #1: stderr all=off uptime,level,tags

Environment Variables:
PATH=C:\Windows\system32;C:\Windows;C:\Windows\System32\Wbem;C:\Windows\System32\WindowsPowerShell\v1.0\;C:\Windows\System32\OpenSSH\;C:\Program Files\Git\cmd;C:\Users\user\AppData\Local\Microsoft\WindowsApps;
USERNAME=user
OS=Windows_NT
PROCESSOR_IDENTIFIER=Intel64 Family 6 Model 142 Stepping 9, GenuineIntel



---------------  S Y S T E M  ---------------

OS: Windows 10 , 64 bit Build 19041 (10.0.19041.1202)
OS uptime: 1 days 4:53 hours

CPU:total 4 (initial active 4) (2 cores per cpu, 2 threads per core) family 6 model 142 stepping 9 microcode 0xb4, cmov, cx8, fxsr, mmx, sse, sse2, sse3, ssse3, sse4.1, sse4.2, popcnt, avx, avx2, aes, clmul, erms, 3dnowpref, lzcnt, ht, tsc, tscinvbit, bmi1, bmi2, adx, fma

Memory: 4k page, system-wide physical 8060M (1234M free)
TotalPageFile size 14097M (AvailPageFile size 2727M)
current process WorkingSet (physical memory assigned to process): 492M, peak: 573M
current process commit charge ("private bytes"): 600M, peak: 616M

vm_info: OpenJDK 64-Bit Server VM (11.0.10+0-b96-7249189) for windows-amd64 JRE (11.0.10+0-b96-7249189), built on Mar 31 2021 21:44:00 by "builder" with MS VC++ 14.0 (VS2015)

END.
